<?xml version="1.0" encoding="UTF-8"?>
<testsuite xmlns:xsi="http://www.w3.org/2001/XMLSchema-instance" xsi:noNamespaceSchemaLocation="https://maven.apache.org/surefire/maven-surefire-plugin/xsd/surefire-test-report-3.0.xsd" version="3.0" name="com.example.demo.DemoApplicationTests" time="7.349" tests="1" errors="0" skipped="0" failures="0">
  <properties>
[...]
</properties>
  <testcase name="contextLoads" classname="com.example.demo.DemoApplicationTests" time="1.478">
    <system-out><![CDATA[Standard Commons Logging discovery in action with spring-jcl: please remove commons-logging.jar from classpath in order to avoid potential conflicts
09:35:47.681 [main] INFO org.springframework.test.context.support.AnnotationConfigContextLoaderUtils -- Could not detect default configuration classes for test class [com.example.demo.DemoApplicationTests]: DemoApplicationTests does not declare any static, non-private, non-final, nested classes annotated with @Configuration.
09:35:47.811 [main] INFO org.springframework.boot.test.context.SpringBootTestContextBootstrapper -- Found @SpringBootConfiguration com.example.demo.DemoApplication for test class com.example.demo.DemoApplicationTests
09:35:48.055 [main] INFO org.springframework.boot.devtools.restart.RestartApplicationListener -- Restart disabled due to context in which it is running
  .   ____          _            __ _ _
 /\\ / ___'_ __ _ _(_)_ __  __ _ \ \ \ \
( ( )\___ | '_ | '_| | '_ \/ _` | \ \ \ \
 \\/  ___)| |_)| | | | | || (_| |  ) ) ) )
  '  |____| .__|_| |_|_| |_\__, | / / / /
 =========|_|==============|___/=/_/_/_/

 :: Spring Boot ::                (v3.3.0)

2024-06-14T09:35:48.392+05:30  INFO 15144 --- [demo] [           main] com.example.demo.DemoApplicationTests    : Starting DemoApplicationTests using Java 17.0.1 with PID 15144 (started by kulka in C:\Users\kulka\OneDrive\Desktop\VanSpring\demo)
2024-06-14T09:35:48.393+05:30  INFO 15144 --- [demo] [           main] com.example.demo.DemoApplicationTests    : No active profile set, falling back to 1 default profile: "default"
2024-06-14T09:35:49.381+05:30  INFO 15144 --- [demo] [           main] .s.d.r.c.RepositoryConfigurationDelegate : Bootstrapping Spring Data Reactive MongoDB repositories in DEFAULT mode.
2024-06-14T09:35:49.573+05:30  INFO 15144 --- [demo] [           main] .s.d.r.c.RepositoryConfigurationDelegate : Finished Spring Data repository scanning in 185 ms. Found 0 Reactive MongoDB repository interfaces.
2024-06-14T09:35:49.585+05:30  INFO 15144 --- [demo] [           main] .s.d.r.c.RepositoryConfigurationDelegate : Bootstrapping Spring Data MongoDB repositories in DEFAULT mode.
2024-06-14T09:35:49.622+05:30  INFO 15144 --- [demo] [           main] .s.d.r.c.RepositoryConfigurationDelegate : Finished Spring Data repository scanning in 37 ms. Found 4 MongoDB repository interfaces.
2024-06-14T09:35:50.606+05:30  INFO 15144 --- [demo] [vdn.mongodb.net] org.mongodb.driver.cluster               : Adding discovered server ac-l0bfn55-shard-00-02.bpwcvdn.mongodb.net:27017 to client view of cluster
2024-06-14T09:35:50.672+05:30  INFO 15144 --- [demo] [           main] org.mongodb.driver.client                : MongoClient with metadata {"application": {"name": "VANAMALA-CLINIC"}, "driver": {"name": "mongo-java-driver|sync|spring-boot", "version": "5.0.1"}, "os": {"type": "Windows", "name": "Windows 10", "architecture": "amd64", "version": "10.0"}, "platform": "Java/Oracle Corporation/17.0.1+12-LTS-39"} created with settings MongoClientSettings{readPreference=primary, writeConcern=WriteConcern{w=majority, wTimeout=null ms, journal=null}, retryWrites=true, retryReads=true, readConcern=ReadConcern{level=null}, credential=MongoCredential{mechanism=null, userName='praadnyah', source='admin', password=<hidden>, mechanismProperties=<hidden>}, transportSettings=NettyTransportSettings{eventLoopGroup=io.netty.channel.nio.NioEventLoopGroup@4ffced4e, socketChannelClass=null, allocator=null, sslContext=null}, commandListeners=[], codecRegistry=ProvidersCodecRegistry{codecProviders=[ValueCodecProvider{}, BsonValueCodecProvider{}, DBRefCodecProvider{}, DBObjectCodecProvider{}, DocumentCodecProvider{}, CollectionCodecProvider{}, IterableCodecProvider{}, MapCodecProvider{}, GeoJsonCodecProvider{}, GridFSFileCodecProvider{}, Jsr310CodecProvider{}, JsonObjectCodecProvider{}, BsonCodecProvider{}, EnumCodecProvider{}, com.mongodb.client.model.mql.ExpressionCodecProvider@6094de13, com.mongodb.Jep395RecordCodecProvider@bbb6f0, com.mongodb.KotlinCodecProvider@3e6ec74]}, loggerSettings=LoggerSettings{maxDocumentLength=1000}, clusterSettings={hosts=[127.0.0.1:27017], srvHost=vanamala-clinic.bpwcvdn.mongodb.net, srvServiceName=mongodb, mode=MULTIPLE, requiredClusterType=REPLICA_SET, requiredReplicaSetName='atlas-mdoxav-shard-0', serverSelector='null', clusterListeners='[]', serverSelectionTimeout='30000 ms', localThreshold='15 ms'}, socketSettings=SocketSettings{connectTimeoutMS=10000, readTimeoutMS=0, receiveBufferSize=0, proxySettings=ProxySettings{host=null, port=null, username=null, password=null}}, heartbeatSocketSettings=SocketSettings{connectTimeoutMS=10000, readTimeoutMS=10000, receiveBufferSize=0, proxySettings=ProxySettings{host=null, port=null, username=null, password=null}}, connectionPoolSettings=ConnectionPoolSettings{maxSize=100, minSize=0, maxWaitTimeMS=120000, maxConnectionLifeTimeMS=0, maxConnectionIdleTimeMS=0, maintenanceInitialDelayMS=0, maintenanceFrequencyMS=60000, connectionPoolListeners=[], maxConnecting=2}, serverSettings=ServerSettings{heartbeatFrequencyMS=10000, minHeartbeatFrequencyMS=500, serverListeners='[]', serverMonitorListeners='[]'}, sslSettings=SslSettings{enabled=true, invalidHostNameAllowed=false, context=null}, applicationName='VANAMALA-CLINIC', compressorList=[], uuidRepresentation=JAVA_LEGACY, serverApi=null, autoEncryptionSettings=null, dnsClient=null, inetAddressResolver=null, contextProvider=null}
2024-06-14T09:35:50.706+05:30  INFO 15144 --- [demo] [vdn.mongodb.net] org.mongodb.driver.cluster               : Adding discovered server ac-l0bfn55-shard-00-01.bpwcvdn.mongodb.net:27017 to client view of cluster
2024-06-14T09:35:50.712+05:30  INFO 15144 --- [demo] [vdn.mongodb.net] org.mongodb.driver.cluster               : Adding discovered server ac-l0bfn55-shard-00-00.bpwcvdn.mongodb.net:27017 to client view of cluster
2024-06-14T09:35:51.795+05:30  INFO 15144 --- [demo] [ngodb.net:27017] org.mongodb.driver.cluster               : Monitor thread successfully connected to server with description ServerDescription{address=ac-l0bfn55-shard-00-02.bpwcvdn.mongodb.net:27017, type=REPLICA_SET_SECONDARY, state=CONNECTED, ok=true, minWireVersion=0, maxWireVersion=21, maxDocumentSize=16777216, logicalSessionTimeoutMinutes=30, roundTripTimeNanos=521758000, setName='atlas-mdoxav-shard-0', canonicalAddress=ac-l0bfn55-shard-00-02.bpwcvdn.mongodb.net:27017, hosts=[ac-l0bfn55-shard-00-00.bpwcvdn.mongodb.net:27017, ac-l0bfn55-shard-00-01.bpwcvdn.mongodb.net:27017, ac-l0bfn55-shard-00-02.bpwcvdn.mongodb.net:27017], passives=[], arbiters=[], primary='ac-l0bfn55-shard-00-01.bpwcvdn.mongodb.net:27017', tagSet=TagSet{[Tag{name='availabilityZone', value='aps1-az2'}, Tag{name='diskState', value='READY'}, Tag{name='nodeType', value='ELECTABLE'}, Tag{name='provider', value='AWS'}, Tag{name='region', value='AP_SOUTH_1'}, Tag{name='workloadType', value='OPERATIONAL'}]}, electionId=null, setVersion=16, topologyVersion=TopologyVersion{processId=666ad54f0de3c7c0af2bcd59, counter=5}, lastWriteDate=Fri Jun 14 09:35:50 IST 2024, lastUpdateTimeNanos=40737508279100}
2024-06-14T09:35:51.795+05:30  INFO 15144 --- [demo] [ngodb.net:27017] org.mongodb.driver.cluster               : Monitor thread successfully connected to server with description ServerDescription{address=ac-l0bfn55-shard-00-01.bpwcvdn.mongodb.net:27017, type=REPLICA_SET_PRIMARY, state=CONNECTED, ok=true, minWireVersion=0, maxWireVersion=21, maxDocumentSize=16777216, logicalSessionTimeoutMinutes=30, roundTripTimeNanos=526174700, setName='atlas-mdoxav-shard-0', canonicalAddress=ac-l0bfn55-shard-00-01.bpwcvdn.mongodb.net:27017, hosts=[ac-l0bfn55-shard-00-00.bpwcvdn.mongodb.net:27017, ac-l0bfn55-shard-00-01.bpwcvdn.mongodb.net:27017, ac-l0bfn55-shard-00-02.bpwcvdn.mongodb.net:27017], passives=[], arbiters=[], primary='ac-l0bfn55-shard-00-01.bpwcvdn.mongodb.net:27017', tagSet=TagSet{[Tag{name='availabilityZone', value='aps1-az3'}, Tag{name='diskState', value='READY'}, Tag{name='nodeType', value='ELECTABLE'}, Tag{name='provider', value='AWS'}, Tag{name='region', value='AP_SOUTH_1'}, Tag{name='workloadType', value='OPERATIONAL'}]}, electionId=7fffffff000000000000001f, setVersion=16, topologyVersion=TopologyVersion{processId=666ad312ab3116d2f4921e00, counter=9}, lastWriteDate=Fri Jun 14 09:35:50 IST 2024, lastUpdateTimeNanos=40737508279100}
2024-06-14T09:35:51.795+05:30  INFO 15144 --- [demo] [ngodb.net:27017] org.mongodb.driver.cluster               : Monitor thread successfully connected to server with description ServerDescription{address=ac-l0bfn55-shard-00-00.bpwcvdn.mongodb.net:27017, type=REPLICA_SET_SECONDARY, state=CONNECTED, ok=true, minWireVersion=0, maxWireVersion=21, maxDocumentSize=16777216, logicalSessionTimeoutMinutes=30, roundTripTimeNanos=521544700, setName='atlas-mdoxav-shard-0', canonicalAddress=ac-l0bfn55-shard-00-00.bpwcvdn.mongodb.net:27017, hosts=[ac-l0bfn55-shard-00-00.bpwcvdn.mongodb.net:27017, ac-l0bfn55-shard-00-01.bpwcvdn.mongodb.net:27017, ac-l0bfn55-shard-00-02.bpwcvdn.mongodb.net:27017], passives=[], arbiters=[], primary='ac-l0bfn55-shard-00-01.bpwcvdn.mongodb.net:27017', tagSet=TagSet{[Tag{name='availabilityZone', value='aps1-az1'}, Tag{name='diskState', value='READY'}, Tag{name='nodeType', value='ELECTABLE'}, Tag{name='provider', value='AWS'}, Tag{name='region', value='AP_SOUTH_1'}, Tag{name='workloadType', value='OPERATIONAL'}]}, electionId=null, setVersion=16, topologyVersion=TopologyVersion{processId=666ad3fd9642aa886dcebc5e, counter=5}, lastWriteDate=Fri Jun 14 09:35:50 IST 2024, lastUpdateTimeNanos=40737508279100}
2024-06-14T09:35:51.807+05:30  INFO 15144 --- [demo] [ngodb.net:27017] org.mongodb.driver.cluster               : Discovered replica set primary ac-l0bfn55-shard-00-01.bpwcvdn.mongodb.net:27017 with max election id 7fffffff000000000000001f and max set version 16
2024-06-14T09:35:51.815+05:30  INFO 15144 --- [demo] [           main] r$InitializeUserDetailsManagerConfigurer : Global AuthenticationManager configured with UserDetailsService bean with name userDetailsService
2024-06-14T09:35:52.410+05:30  INFO 15144 --- [demo] [           main] o.s.s.web.DefaultSecurityFilterChain     : Will secure any request with [org.springframework.security.web.session.DisableEncodeUrlFilter@2047adea, org.springframework.security.web.context.request.async.WebAsyncManagerIntegrationFilter@5af40e45, org.springframework.security.web.context.SecurityContextHolderFilter@25e95af1, org.springframework.security.web.header.HeaderWriterFilter@e8c84eb, org.springframework.web.filter.CorsFilter@1a06602f, org.springframework.security.web.authentication.logout.LogoutFilter@795faad, org.springframework.security.web.authentication.UsernamePasswordAuthenticationFilter@71668a67, org.springframework.security.web.savedrequest.RequestCacheAwareFilter@6644bdf5, org.springframework.security.web.servletapi.SecurityContextHolderAwareRequestFilter@7c9ea1d0, org.springframework.security.web.authentication.AnonymousAuthenticationFilter@46591e98, org.springframework.security.web.access.ExceptionTranslationFilter@66048ac4, org.springframework.security.web.access.intercept.AuthorizationFilter@3e5ebdfe]
2024-06-14T09:35:52.962+05:30  INFO 15144 --- [demo] [vdn.mongodb.net] org.mongodb.driver.cluster               : Adding discovered server ac-l0bfn55-shard-00-02.bpwcvdn.mongodb.net:27017 to client view of cluster
2024-06-14T09:35:52.969+05:30  INFO 15144 --- [demo] [vdn.mongodb.net] org.mongodb.driver.cluster               : Adding discovered server ac-l0bfn55-shard-00-01.bpwcvdn.mongodb.net:27017 to client view of cluster
2024-06-14T09:35:52.973+05:30  INFO 15144 --- [demo] [vdn.mongodb.net] org.mongodb.driver.cluster               : Adding discovered server ac-l0bfn55-shard-00-00.bpwcvdn.mongodb.net:27017 to client view of cluster
2024-06-14T09:35:52.973+05:30  INFO 15144 --- [demo] [           main] org.mongodb.driver.client                : MongoClient with metadata {"application": {"name": "VANAMALA-CLINIC"}, "driver": {"name": "mongo-java-driver|reactive-streams|spring-boot", "version": "5.0.1"}, "os": {"type": "Windows", "name": "Windows 10", "architecture": "amd64", "version": "10.0"}, "platform": "Java/Oracle Corporation/17.0.1+12-LTS-39"} created with settings MongoClientSettings{readPreference=primary, writeConcern=WriteConcern{w=majority, wTimeout=null ms, journal=null}, retryWrites=true, retryReads=true, readConcern=ReadConcern{level=null}, credential=MongoCredential{mechanism=null, userName='praadnyah', source='admin', password=<hidden>, mechanismProperties=<hidden>}, transportSettings=NettyTransportSettings{eventLoopGroup=io.netty.channel.nio.NioEventLoopGroup@6159fb3c, socketChannelClass=null, allocator=null, sslContext=null}, commandListeners=[], codecRegistry=ProvidersCodecRegistry{codecProviders=[ValueCodecProvider{}, BsonValueCodecProvider{}, DBRefCodecProvider{}, DBObjectCodecProvider{}, DocumentCodecProvider{}, CollectionCodecProvider{}, IterableCodecProvider{}, MapCodecProvider{}, GeoJsonCodecProvider{}, GridFSFileCodecProvider{}, Jsr310CodecProvider{}, JsonObjectCodecProvider{}, BsonCodecProvider{}, EnumCodecProvider{}, com.mongodb.client.model.mql.ExpressionCodecProvider@6094de13, com.mongodb.Jep395RecordCodecProvider@bbb6f0, com.mongodb.KotlinCodecProvider@3e6ec74]}, loggerSettings=LoggerSettings{maxDocumentLength=1000}, clusterSettings={hosts=[127.0.0.1:27017], srvHost=vanamala-clinic.bpwcvdn.mongodb.net, srvServiceName=mongodb, mode=MULTIPLE, requiredClusterType=REPLICA_SET, requiredReplicaSetName='atlas-mdoxav-shard-0', serverSelector='null', clusterListeners='[]', serverSelectionTimeout='30000 ms', localThreshold='15 ms'}, socketSettings=SocketSettings{connectTimeoutMS=10000, readTimeoutMS=0, receiveBufferSize=0, proxySettings=ProxySettings{host=null, port=null, username=null, password=null}}, heartbeatSocketSettings=SocketSettings{connectTimeoutMS=10000, readTimeoutMS=10000, receiveBufferSize=0, proxySettings=ProxySettings{host=null, port=null, username=null, password=null}}, connectionPoolSettings=ConnectionPoolSettings{maxSize=100, minSize=0, maxWaitTimeMS=120000, maxConnectionLifeTimeMS=0, maxConnectionIdleTimeMS=0, maintenanceInitialDelayMS=0, maintenanceFrequencyMS=60000, connectionPoolListeners=[], maxConnecting=2}, serverSettings=ServerSettings{heartbeatFrequencyMS=10000, minHeartbeatFrequencyMS=500, serverListeners='[]', serverMonitorListeners='[]'}, sslSettings=SslSettings{enabled=true, invalidHostNameAllowed=false, context=null}, applicationName='VANAMALA-CLINIC', compressorList=[], uuidRepresentation=JAVA_LEGACY, serverApi=null, autoEncryptionSettings=null, dnsClient=null, inetAddressResolver=null, contextProvider=null}
2024-06-14T09:35:53.101+05:30  INFO 15144 --- [demo] [ngodb.net:27017] org.mongodb.driver.cluster               : Monitor thread successfully connected to server with description ServerDescription{address=ac-l0bfn55-shard-00-01.bpwcvdn.mongodb.net:27017, type=REPLICA_SET_PRIMARY, state=CONNECTED, ok=true, minWireVersion=0, maxWireVersion=21, maxDocumentSize=16777216, logicalSessionTimeoutMinutes=30, roundTripTimeNanos=96749300, setName='atlas-mdoxav-shard-0', canonicalAddress=ac-l0bfn55-shard-00-01.bpwcvdn.mongodb.net:27017, hosts=[ac-l0bfn55-shard-00-00.bpwcvdn.mongodb.net:27017, ac-l0bfn55-shard-00-01.bpwcvdn.mongodb.net:27017, ac-l0bfn55-shard-00-02.bpwcvdn.mongodb.net:27017], passives=[], arbiters=[], primary='ac-l0bfn55-shard-00-01.bpwcvdn.mongodb.net:27017', tagSet=TagSet{[Tag{name='availabilityZone', value='aps1-az3'}, Tag{name='diskState', value='READY'}, Tag{name='nodeType', value='ELECTABLE'}, Tag{name='provider', value='AWS'}, Tag{name='region', value='AP_SOUTH_1'}, Tag{name='workloadType', value='OPERATIONAL'}]}, electionId=7fffffff000000000000001f, setVersion=16, topologyVersion=TopologyVersion{processId=666ad312ab3116d2f4921e00, counter=9}, lastWriteDate=Fri Jun 14 09:35:51 IST 2024, lastUpdateTimeNanos=40738821067800}
2024-06-14T09:35:53.102+05:30  INFO 15144 --- [demo] [ngodb.net:27017] org.mongodb.driver.cluster               : Discovered replica set primary ac-l0bfn55-shard-00-01.bpwcvdn.mongodb.net:27017 with max election id 7fffffff000000000000001f and max set version 16
2024-06-14T09:35:53.120+05:30  INFO 15144 --- [demo] [ngodb.net:27017] org.mongodb.driver.cluster               : Monitor thread successfully connected to server with description ServerDescription{address=ac-l0bfn55-shard-00-02.bpwcvdn.mongodb.net:27017, type=REPLICA_SET_SECONDARY, state=CONNECTED, ok=true, minWireVersion=0, maxWireVersion=21, maxDocumentSize=16777216, logicalSessionTimeoutMinutes=30, roundTripTimeNanos=123168300, setName='atlas-mdoxav-shard-0', canonicalAddress=ac-l0bfn55-shard-00-02.bpwcvdn.mongodb.net:27017, hosts=[ac-l0bfn55-shard-00-00.bpwcvdn.mongodb.net:27017, ac-l0bfn55-shard-00-01.bpwcvdn.mongodb.net:27017, ac-l0bfn55-shard-00-02.bpwcvdn.mongodb.net:27017], passives=[], arbiters=[], primary='ac-l0bfn55-shard-00-01.bpwcvdn.mongodb.net:27017', tagSet=TagSet{[Tag{name='availabilityZone', value='aps1-az2'}, Tag{name='diskState', value='READY'}, Tag{name='nodeType', value='ELECTABLE'}, Tag{name='provider', value='AWS'}, Tag{name='region', value='AP_SOUTH_1'}, Tag{name='workloadType', value='OPERATIONAL'}]}, electionId=null, setVersion=16, topologyVersion=TopologyVersion{processId=666ad54f0de3c7c0af2bcd59, counter=5}, lastWriteDate=Fri Jun 14 09:35:52 IST 2024, lastUpdateTimeNanos=40738840815400}
2024-06-14T09:35:53.151+05:30  INFO 15144 --- [demo] [ngodb.net:27017] org.mongodb.driver.cluster               : Monitor thread successfully connected to server with description ServerDescription{address=ac-l0bfn55-shard-00-00.bpwcvdn.mongodb.net:27017, type=REPLICA_SET_SECONDARY, state=CONNECTED, ok=true, minWireVersion=0, maxWireVersion=21, maxDocumentSize=16777216, logicalSessionTimeoutMinutes=30, roundTripTimeNanos=144623200, setName='atlas-mdoxav-shard-0', canonicalAddress=ac-l0bfn55-shard-00-00.bpwcvdn.mongodb.net:27017, hosts=[ac-l0bfn55-shard-00-00.bpwcvdn.mongodb.net:27017, ac-l0bfn55-shard-00-01.bpwcvdn.mongodb.net:27017, ac-l0bfn55-shard-00-02.bpwcvdn.mongodb.net:27017], passives=[], arbiters=[], primary='ac-l0bfn55-shard-00-01.bpwcvdn.mongodb.net:27017', tagSet=TagSet{[Tag{name='availabilityZone', value='aps1-az1'}, Tag{name='diskState', value='READY'}, Tag{name='nodeType', value='ELECTABLE'}, Tag{name='provider', value='AWS'}, Tag{name='region', value='AP_SOUTH_1'}, Tag{name='workloadType', value='OPERATIONAL'}]}, electionId=null, setVersion=16, topologyVersion=TopologyVersion{processId=666ad3fd9642aa886dcebc5e, counter=5}, lastWriteDate=Fri Jun 14 09:35:52 IST 2024, lastUpdateTimeNanos=40738870864700}
2024-06-14T09:35:53.301+05:30  INFO 15144 --- [demo] [           main] com.example.demo.DemoApplicationTests    : Started DemoApplicationTests in 5.269 seconds (process running for 6.49)
]]></system-out>
  </testcase>
</testsuite>